# JRE version: Java(TM) SE Runtime Environment (18.0+36) (build 18+36-2087)
# Java VM: Java HotSpot(TM) 64-Bit Server VM (18+36-2087, mixed mode, sharing, tiered, compressed oops, compressed class ptrs, parallel gc, windows-amd64)
GC Precious Log:
 CardTable entry size: 512
 CPUs: 6 total, 6 available
 Memory: 16283M
 Large Page Support: Disabled
 NUMA Support: Disabled
 Compressed Oops: Enabled (32-bit)
 Alignments: Space 512K, Generation 512K, Heap 2M
 Heap Min Capacity: 100M
 Heap Initial Capacity: 100M
 Heap Max Capacity: 1G
 Pre-touch: Disabled
 Parallel Workers: 6
Heap:
 PSYoungGen      total 28160K, used 24578K [0x00000000eab00000, 0x00000000ed380000, 0x0000000100000000)
  eden space 22016K, 84% used [0x00000000eab00000,0x00000000ebd125a0,0x00000000ec080000)
  from space 6144K, 98% used [0x00000000ecd80000,0x00000000ed36e630,0x00000000ed380000)
  to   space 8192K, 0% used [0x00000000ec380000,0x00000000ec380000,0x00000000ecb80000)
 ParOldGen       total 272896K, used 232317K [0x00000000c0000000, 0x00000000d0a80000, 0x00000000eab00000)
  object space 272896K, 85% used [0x00000000c0000000,0x00000000ce2df780,0x00000000d0a80000)
 Metaspace       used 70929K, committed 72576K, reserved 1179648K
  class space    used 7123K, committed 7808K, reserved 1048576K
GC Heap History (20 events):
Event: 20.963 GC heap before
{Heap before GC invocations=251 (full 12):
 PSYoungGen      total 23040K, used 2962K [0x00000000eab00000, 0x00000000ec680000, 0x0000000100000000)
  eden space 19968K, 0% used [0x00000000eab00000,0x00000000eab00000,0x00000000ebe80000)
  from space 3072K, 96% used [0x00000000ec380000,0x00000000ec664bc0,0x00000000ec680000)
  to   space 3584K, 0% used [0x00000000ebf80000,0x00000000ebf80000,0x00000000ec300000)
 ParOldGen       total 332800K, used 330220K [0x00000000c0000000, 0x00000000d4500000, 0x00000000eab00000)
  object space 332800K, 99% used [0x00000000c0000000,0x00000000d427b320,0x00000000d4500000)
 Metaspace       used 65742K, committed 67264K, reserved 1114112K
  class space    used 6582K, committed 7232K, reserved 1048576K
}
Event: 21.052 GC heap after
{Heap after GC invocations=251 (full 12):
 PSYoungGen      total 24576K, used 0K [0x00000000eab00000, 0x00000000ec780000, 0x0000000100000000)
  eden space 20992K, 0% used [0x00000000eab00000,0x00000000eab00000,0x00000000ebf80000)
  from space 3584K, 0% used [0x00000000ebf80000,0x00000000ebf80000,0x00000000ec300000)
  to   space 3584K, 0% used [0x00000000ec400000,0x00000000ec400000,0x00000000ec780000)
 ParOldGen       total 272896K, used 216744K [0x00000000c0000000, 0x00000000d0a80000, 0x00000000eab00000)
  object space 272896K, 79% used [0x00000000c0000000,0x00000000cd3aa080,0x00000000d0a80000)
 Metaspace       used 65742K, committed 67264K, reserved 1114112K
  class space    used 6582K, committed 7232K, reserved 1048576K
}
Event: 21.126 GC heap before
{Heap before GC invocations=252 (full 12):
 PSYoungGen      total 24576K, used 20992K [0x00000000eab00000, 0x00000000ec780000, 0x0000000100000000)
  eden space 20992K, 100% used [0x00000000eab00000,0x00000000ebf80000,0x00000000ebf80000)
  from space 3584K, 0% used [0x00000000ebf80000,0x00000000ebf80000,0x00000000ec300000)
  to   space 3584K, 0% used [0x00000000ec400000,0x00000000ec400000,0x00000000ec780000)
 ParOldGen       total 272896K, used 216744K [0x00000000c0000000, 0x00000000d0a80000, 0x00000000eab00000)
  object space 272896K, 79% used [0x00000000c0000000,0x00000000cd3aa080,0x00000000d0a80000)
 Metaspace       used 65910K, committed 67392K, reserved 1114112K
  class space    used 6587K, committed 7232K, reserved 1048576K
}
Event: 21.128 GC heap after
{Heap after GC invocations=252 (full 12):
 PSYoungGen      total 25600K, used 3093K [0x00000000eab00000, 0x00000000ec880000, 0x0000000100000000)
  eden space 22016K, 0% used [0x00000000eab00000,0x00000000eab00000,0x00000000ec080000)
  from space 3584K, 86% used [0x00000000ec400000,0x00000000ec705468,0x00000000ec780000)
  to   space 3584K, 0% used [0x00000000ec080000,0x00000000ec080000,0x00000000ec400000)
 ParOldGen       total 272896K, used 216752K [0x00000000c0000000, 0x00000000d0a80000, 0x00000000eab00000)
  object space 272896K, 79% used [0x00000000c0000000,0x00000000cd3ac080,0x00000000d0a80000)
 Metaspace       used 65910K, committed 67392K, reserved 1114112K
  class space    used 6587K, committed 7232K, reserved 1048576K
}
Event: 21.212 GC heap before
{Heap before GC invocations=253 (full 12):
 PSYoungGen      total 25600K, used 25109K [0x00000000eab00000, 0x00000000ec880000, 0x0000000100000000)
  eden space 22016K, 100% used [0x00000000eab00000,0x00000000ec080000,0x00000000ec080000)
  from space 3584K, 86% used [0x00000000ec400000,0x00000000ec705468,0x00000000ec780000)
  to   space 3584K, 0% used [0x00000000ec080000,0x00000000ec080000,0x00000000ec400000)
 ParOldGen       total 272896K, used 216752K [0x00000000c0000000, 0x00000000d0a80000, 0x00000000eab00000)
  object space 272896K, 79% used [0x00000000c0000000,0x00000000cd3ac0d0,0x00000000d0a80000)
 Metaspace       used 66014K, committed 67456K, reserved 1114112K
  class space    used 6587K, committed 7232K, reserved 1048576K
}
Event: 21.216 GC heap after
{Heap after GC invocations=253 (full 12):
 PSYoungGen      total 25600K, used 3570K [0x00000000eab00000, 0x00000000ecc80000, 0x0000000100000000)
  eden space 22016K, 0% used [0x00000000eab00000,0x00000000eab00000,0x00000000ec080000)
  from space 3584K, 99% used [0x00000000ec080000,0x00000000ec3fcb60,0x00000000ec400000)
  to   space 5632K, 0% used [0x00000000ec700000,0x00000000ec700000,0x00000000ecc80000)
 ParOldGen       total 272896K, used 218369K [0x00000000c0000000, 0x00000000d0a80000, 0x00000000eab00000)
  object space 272896K, 80% used [0x00000000c0000000,0x00000000cd540498,0x00000000d0a80000)
 Metaspace       used 66014K, committed 67456K, reserved 1114112K
  class space    used 6587K, committed 7232K, reserved 1048576K
}
Event: 21.289 GC heap before
{Heap before GC invocations=254 (full 12):
 PSYoungGen      total 25600K, used 25586K [0x00000000eab00000, 0x00000000ecc80000, 0x0000000100000000)
  eden space 22016K, 100% used [0x00000000eab00000,0x00000000ec080000,0x00000000ec080000)
  from space 3584K, 99% used [0x00000000ec080000,0x00000000ec3fcb60,0x00000000ec400000)
  to   space 5632K, 0% used [0x00000000ec700000,0x00000000ec700000,0x00000000ecc80000)
 ParOldGen       total 272896K, used 218371K [0x00000000c0000000, 0x00000000d0a80000, 0x00000000eab00000)
  object space 272896K, 80% used [0x00000000c0000000,0x00000000cd540d98,0x00000000d0a80000)
 Metaspace       used 66056K, committed 67520K, reserved 1114112K
  class space    used 6587K, committed 7232K, reserved 1048576K
}
Event: 21.291 GC heap after
{Heap after GC invocations=254 (full 12):
 PSYoungGen      total 26624K, used 2866K [0x00000000eab00000, 0x00000000eca00000, 0x0000000100000000)
  eden space 23552K, 0% used [0x00000000eab00000,0x00000000eab00000,0x00000000ec200000)
  from space 3072K, 93% used [0x00000000ec700000,0x00000000ec9ccb60,0x00000000eca00000)
  to   space 4096K, 0% used [0x00000000ec200000,0x00000000ec200000,0x00000000ec600000)
 ParOldGen       total 272896K, used 219978K [0x00000000c0000000, 0x00000000d0a80000, 0x00000000eab00000)
  object space 272896K, 80% used [0x00000000c0000000,0x00000000cd6d2a68,0x00000000d0a80000)
 Metaspace       used 66056K, committed 67520K, reserved 1114112K
  class space    used 6587K, committed 7232K, reserved 1048576K
}
Event: 22.223 GC heap before
{Heap before GC invocations=255 (full 12):
 PSYoungGen      total 26624K, used 26418K [0x00000000eab00000, 0x00000000eca00000, 0x0000000100000000)
  eden space 23552K, 100% used [0x00000000eab00000,0x00000000ec200000,0x00000000ec200000)
  from space 3072K, 93% used [0x00000000ec700000,0x00000000ec9ccb60,0x00000000eca00000)
  to   space 4096K, 0% used [0x00000000ec200000,0x00000000ec200000,0x00000000ec600000)
 ParOldGen       total 272896K, used 219978K [0x00000000c0000000, 0x00000000d0a80000, 0x00000000eab00000)
  object space 272896K, 80% used [0x00000000c0000000,0x00000000cd6d2a68,0x00000000d0a80000)
 Metaspace       used 66190K, committed 67648K, reserved 1114112K
  class space    used 6589K, committed 7232K, reserved 1048576K
}
Event: 22.224 GC heap after
{Heap after GC invocations=255 (full 12):
 PSYoungGen      total 27648K, used 2994K [0x00000000eab00000, 0x00000000eca80000, 0x0000000100000000)
  eden space 23552K, 0% used [0x00000000eab00000,0x00000000eab00000,0x00000000ec200000)
  from space 4096K, 73% used [0x00000000ec200000,0x00000000ec4ecb80,0x00000000ec600000)
  to   space 3584K, 0% used [0x00000000ec700000,0x00000000ec700000,0x00000000eca80000)
 ParOldGen       total 272896K, used 219986K [0x00000000c0000000, 0x00000000d0a80000, 0x00000000eab00000)
  object space 272896K, 80% used [0x00000000c0000000,0x00000000cd6d4a68,0x00000000d0a80000)
 Metaspace       used 66190K, committed 67648K, reserved 1114112K
  class space    used 6589K, committed 7232K, reserved 1048576K
}
Event: 23.723 GC heap before
{Heap before GC invocations=256 (full 12):
 PSYoungGen      total 27648K, used 26546K [0x00000000eab00000, 0x00000000eca80000, 0x0000000100000000)
  eden space 23552K, 99% used [0x00000000eab00000,0x00000000ec1ffff8,0x00000000ec200000)
  from space 4096K, 73% used [0x00000000ec200000,0x00000000ec4ecb80,0x00000000ec600000)
  to   space 3584K, 0% used [0x00000000ec700000,0x00000000ec700000,0x00000000eca80000)
 ParOldGen       total 272896K, used 219986K [0x00000000c0000000, 0x00000000d0a80000, 0x00000000eab00000)
  object space 272896K, 80% used [0x00000000c0000000,0x00000000cd6d4a68,0x00000000d0a80000)
 Metaspace       used 66285K, committed 67712K, reserved 1114112K
  class space    used 6594K, committed 7232K, reserved 1048576K
}
Event: 23.725 GC heap after
{Heap after GC invocations=256 (full 12):
 PSYoungGen      total 25600K, used 3572K [0x00000000eab00000, 0x00000000ecf00000, 0x0000000100000000)
  eden space 22016K, 0% used [0x00000000eab00000,0x00000000eab00000,0x00000000ec080000)
  from space 3584K, 99% used [0x00000000ec700000,0x00000000eca7d348,0x00000000eca80000)
  to   space 6656K, 0% used [0x00000000ec080000,0x00000000ec080000,0x00000000ec700000)
 ParOldGen       total 272896K, used 222228K [0x00000000c0000000, 0x00000000d0a80000, 0x00000000eab00000)
  object space 272896K, 81% used [0x00000000c0000000,0x00000000cd9050f0,0x00000000d0a80000)
 Metaspace       used 66285K, committed 67712K, reserved 1114112K
  class space    used 6594K, committed 7232K, reserved 1048576K
}
Event: 25.625 GC heap before
{Heap before GC invocations=257 (full 12):
 PSYoungGen      total 25600K, used 25588K [0x00000000eab00000, 0x00000000ecf00000, 0x0000000100000000)
  eden space 22016K, 100% used [0x00000000eab00000,0x00000000ec080000,0x00000000ec080000)
  from space 3584K, 99% used [0x00000000ec700000,0x00000000eca7d348,0x00000000eca80000)
  to   space 6656K, 0% used [0x00000000ec080000,0x00000000ec080000,0x00000000ec700000)
 ParOldGen       total 272896K, used 222228K [0x00000000c0000000, 0x00000000d0a80000, 0x00000000eab00000)
  object space 272896K, 81% used [0x00000000c0000000,0x00000000cd9050f0,0x00000000d0a80000)
 Metaspace       used 66943K, committed 68416K, reserved 1114112K
  class space    used 6653K, committed 7296K, reserved 1048576K
}
Event: 25.628 GC heap after
{Heap after GC invocations=257 (full 12):
 PSYoungGen      total 26112K, used 3817K [0x00000000eab00000, 0x00000000ec980000, 0x0000000100000000)
  eden space 22016K, 0% used [0x00000000eab00000,0x00000000eab00000,0x00000000ec080000)
  from space 4096K, 93% used [0x00000000ec080000,0x00000000ec43a588,0x00000000ec480000)
  to   space 4608K, 0% used [0x00000000ec500000,0x00000000ec500000,0x00000000ec980000)
 ParOldGen       total 272896K, used 224539K [0x00000000c0000000, 0x00000000d0a80000, 0x00000000eab00000)
  object space 272896K, 82% used [0x00000000c0000000,0x00000000cdb46c10,0x00000000d0a80000)
 Metaspace       used 66943K, committed 68416K, reserved 1114112K
  class space    used 6653K, committed 7296K, reserved 1048576K
}
Event: 42.578 GC heap before
{Heap before GC invocations=258 (full 12):
 PSYoungGen      total 26112K, used 25833K [0x00000000eab00000, 0x00000000ec980000, 0x0000000100000000)
  eden space 22016K, 100% used [0x00000000eab00000,0x00000000ec080000,0x00000000ec080000)
  from space 4096K, 93% used [0x00000000ec080000,0x00000000ec43a588,0x00000000ec480000)
  to   space 4608K, 0% used [0x00000000ec500000,0x00000000ec500000,0x00000000ec980000)
 ParOldGen       total 272896K, used 224539K [0x00000000c0000000, 0x00000000d0a80000, 0x00000000eab00000)
  object space 272896K, 82% used [0x00000000c0000000,0x00000000cdb46c10,0x00000000d0a80000)
 Metaspace       used 67703K, committed 69184K, reserved 1114112K
  class space    used 6749K, committed 7360K, reserved 1048576K
}
Event: 42.581 GC heap after
{Heap after GC invocations=258 (full 12):
 PSYoungGen      total 26112K, used 3681K [0x00000000eab00000, 0x00000000ec900000, 0x0000000100000000)
  eden space 22016K, 0% used [0x00000000eab00000,0x00000000eab00000,0x00000000ec080000)
  from space 4096K, 89% used [0x00000000ec500000,0x00000000ec8985c0,0x00000000ec900000)
  to   space 4096K, 0% used [0x00000000ec080000,0x00000000ec080000,0x00000000ec480000)
 ParOldGen       total 272896K, used 224547K [0x00000000c0000000, 0x00000000d0a80000, 0x00000000eab00000)
  object space 272896K, 82% used [0x00000000c0000000,0x00000000cdb48c10,0x00000000d0a80000)
 Metaspace       used 67703K, committed 69184K, reserved 1114112K
  class space    used 6749K, committed 7360K, reserved 1048576K
}
Event: 42.829 GC heap before
{Heap before GC invocations=259 (full 12):
 PSYoungGen      total 26112K, used 25697K [0x00000000eab00000, 0x00000000ec900000, 0x0000000100000000)
  eden space 22016K, 100% used [0x00000000eab00000,0x00000000ec080000,0x00000000ec080000)
  from space 4096K, 89% used [0x00000000ec500000,0x00000000ec8985c0,0x00000000ec900000)
  to   space 4096K, 0% used [0x00000000ec080000,0x00000000ec080000,0x00000000ec480000)
 ParOldGen       total 272896K, used 224547K [0x00000000c0000000, 0x00000000d0a80000, 0x00000000eab00000)
  object space 272896K, 82% used [0x00000000c0000000,0x00000000cdb48c10,0x00000000d0a80000)
 Metaspace       used 68575K, committed 70080K, reserved 1114112K
  class space    used 6835K, committed 7488K, reserved 1048576K
}
Event: 42.836 GC heap after
{Heap after GC invocations=259 (full 12):
 PSYoungGen      total 26112K, used 4064K [0x00000000eab00000, 0x00000000eda80000, 0x0000000100000000)
  eden space 22016K, 0% used [0x00000000eab00000,0x00000000eab00000,0x00000000ec080000)
  from space 4096K, 99% used [0x00000000ec080000,0x00000000ec478180,0x00000000ec480000)
  to   space 13312K, 0% used [0x00000000ecd80000,0x00000000ecd80000,0x00000000eda80000)
 ParOldGen       total 272896K, used 232043K [0x00000000c0000000, 0x00000000d0a80000, 0x00000000eab00000)
  object space 272896K, 85% used [0x00000000c0000000,0x00000000ce29aea0,0x00000000d0a80000)
 Metaspace       used 68575K, committed 70080K, reserved 1114112K
  class space    used 6835K, committed 7488K, reserved 1048576K
}
Event: 43.177 GC heap before
{Heap before GC invocations=260 (full 12):
 PSYoungGen      total 26112K, used 26072K [0x00000000eab00000, 0x00000000eda80000, 0x0000000100000000)
  eden space 22016K, 99% used [0x00000000eab00000,0x00000000ec07e128,0x00000000ec080000)
  from space 4096K, 99% used [0x00000000ec080000,0x00000000ec478180,0x00000000ec480000)
  to   space 13312K, 0% used [0x00000000ecd80000,0x00000000ecd80000,0x00000000eda80000)
 ParOldGen       total 272896K, used 232043K [0x00000000c0000000, 0x00000000d0a80000, 0x00000000eab00000)
  object space 272896K, 85% used [0x00000000c0000000,0x00000000ce29aea0,0x00000000d0a80000)
 Metaspace       used 69778K, committed 71296K, reserved 1114112K
  class space    used 6938K, committed 7616K, reserved 1048576K
}
Event: 43.182 GC heap after
{Heap after GC invocations=260 (full 12):
 PSYoungGen      total 28160K, used 6073K [0x00000000eab00000, 0x00000000ed380000, 0x0000000100000000)
  eden space 22016K, 0% used [0x00000000eab00000,0x00000000eab00000,0x00000000ec080000)
  from space 6144K, 98% used [0x00000000ecd80000,0x00000000ed36e630,0x00000000ed380000)
  to   space 8192K, 0% used [0x00000000ec380000,0x00000000ec380000,0x00000000ecb80000)
 ParOldGen       total 272896K, used 232317K [0x00000000c0000000, 0x00000000d0a80000, 0x00000000eab00000)
  object space 272896K, 85% used [0x00000000c0000000,0x00000000ce2df780,0x00000000d0a80000)
 Metaspace       used 69778K, committed 71296K, reserved 1114112K
  class space    used 6938K, committed 7616K, reserved 1048576K
}

