# JRE version: Java(TM) SE Runtime Environment (18.0+36) (build 18+36-2087)
# Java VM: Java HotSpot(TM) 64-Bit Server VM (18+36-2087, mixed mode, sharing, tiered, compressed oops, compressed class ptrs, parallel gc, windows-amd64)
GC Precious Log:
 CardTable entry size: 512
 CPUs: 6 total, 6 available
 Memory: 16283M
 Large Page Support: Disabled
 NUMA Support: Disabled
 Compressed Oops: Enabled (32-bit)
 Alignments: Space 512K, Generation 512K, Heap 2M
 Heap Min Capacity: 100M
 Heap Initial Capacity: 100M
 Heap Max Capacity: 1G
 Pre-touch: Disabled
 Parallel Workers: 6
Heap:
 PSYoungGen      total 22016K, used 16317K [0x00000000eab00000, 0x00000000ec380000, 0x0000000100000000)
  eden space 18944K, 69% used [0x00000000eab00000,0x00000000eb7f0728,0x00000000ebd80000)
  from space 3072K, 99% used [0x00000000ec080000,0x00000000ec37f078,0x00000000ec380000)
  to   space 3072K, 0% used [0x00000000ebd80000,0x00000000ebd80000,0x00000000ec080000)
 ParOldGen       total 68608K, used 45857K [0x00000000c0000000, 0x00000000c4300000, 0x00000000eab00000)
  object space 68608K, 66% used [0x00000000c0000000,0x00000000c2cc86c0,0x00000000c4300000)
 Metaspace       used 52087K, committed 53312K, reserved 1114112K
  class space    used 5440K, committed 6016K, reserved 1048576K
GC Heap History (20 events):
Event: 6.035 GC heap before
{Heap before GC invocations=22 (full 2):
 PSYoungGen      total 24576K, used 24256K [0x00000000eab00000, 0x00000000ec680000, 0x0000000100000000)
  eden space 22016K, 100% used [0x00000000eab00000,0x00000000ec080000,0x00000000ec080000)
  from space 2560K, 87% used [0x00000000ec080000,0x00000000ec2b0010,0x00000000ec300000)
  to   space 3072K, 0% used [0x00000000ec380000,0x00000000ec380000,0x00000000ec680000)
 ParOldGen       total 68608K, used 25113K [0x00000000c0000000, 0x00000000c4300000, 0x00000000eab00000)
  object space 68608K, 36% used [0x00000000c0000000,0x00000000c1886758,0x00000000c4300000)
 Metaspace       used 45503K, committed 46656K, reserved 1114112K
  class space    used 4787K, committed 5312K, reserved 1048576K
}
Event: 6.038 GC heap after
{Heap after GC invocations=22 (full 2):
 PSYoungGen      total 24576K, used 2240K [0x00000000eab00000, 0x00000000ec600000, 0x0000000100000000)
  eden space 22016K, 0% used [0x00000000eab00000,0x00000000eab00000,0x00000000ec080000)
  from space 2560K, 87% used [0x00000000ec380000,0x00000000ec5b0010,0x00000000ec600000)
  to   space 2560K, 0% used [0x00000000ec080000,0x00000000ec080000,0x00000000ec300000)
 ParOldGen       total 68608K, used 27193K [0x00000000c0000000, 0x00000000c4300000, 0x00000000eab00000)
  object space 68608K, 39% used [0x00000000c0000000,0x00000000c1a8e758,0x00000000c4300000)
 Metaspace       used 45503K, committed 46656K, reserved 1114112K
  class space    used 4787K, committed 5312K, reserved 1048576K
}
Event: 6.066 GC heap before
{Heap before GC invocations=23 (full 2):
 PSYoungGen      total 24576K, used 24256K [0x00000000eab00000, 0x00000000ec600000, 0x0000000100000000)
  eden space 22016K, 100% used [0x00000000eab00000,0x00000000ec080000,0x00000000ec080000)
  from space 2560K, 87% used [0x00000000ec380000,0x00000000ec5b0010,0x00000000ec600000)
  to   space 2560K, 0% used [0x00000000ec080000,0x00000000ec080000,0x00000000ec300000)
 ParOldGen       total 68608K, used 27193K [0x00000000c0000000, 0x00000000c4300000, 0x00000000eab00000)
  object space 68608K, 39% used [0x00000000c0000000,0x00000000c1a8e758,0x00000000c4300000)
 Metaspace       used 45503K, committed 46656K, reserved 1114112K
  class space    used 4787K, committed 5312K, reserved 1048576K
}
Event: 6.068 GC heap after
{Heap after GC invocations=23 (full 2):
 PSYoungGen      total 24576K, used 2464K [0x00000000eab00000, 0x00000000ec580000, 0x0000000100000000)
  eden space 22016K, 0% used [0x00000000eab00000,0x00000000eab00000,0x00000000ec080000)
  from space 2560K, 96% used [0x00000000ec080000,0x00000000ec2e8000,0x00000000ec300000)
  to   space 2560K, 0% used [0x00000000ec300000,0x00000000ec300000,0x00000000ec580000)
 ParOldGen       total 68608K, used 29381K [0x00000000c0000000, 0x00000000c4300000, 0x00000000eab00000)
  object space 68608K, 42% used [0x00000000c0000000,0x00000000c1cb16a0,0x00000000c4300000)
 Metaspace       used 45503K, committed 46656K, reserved 1114112K
  class space    used 4787K, committed 5312K, reserved 1048576K
}
Event: 6.094 GC heap before
{Heap before GC invocations=24 (full 2):
 PSYoungGen      total 24576K, used 24480K [0x00000000eab00000, 0x00000000ec580000, 0x0000000100000000)
  eden space 22016K, 100% used [0x00000000eab00000,0x00000000ec080000,0x00000000ec080000)
  from space 2560K, 96% used [0x00000000ec080000,0x00000000ec2e8000,0x00000000ec300000)
  to   space 2560K, 0% used [0x00000000ec300000,0x00000000ec300000,0x00000000ec580000)
 ParOldGen       total 68608K, used 29381K [0x00000000c0000000, 0x00000000c4300000, 0x00000000eab00000)
  object space 68608K, 42% used [0x00000000c0000000,0x00000000c1cb16a0,0x00000000c4300000)
 Metaspace       used 45503K, committed 46656K, reserved 1114112K
  class space    used 4787K, committed 5312K, reserved 1048576K
}
Event: 6.096 GC heap after
{Heap after GC invocations=24 (full 2):
 PSYoungGen      total 21504K, used 2528K [0x00000000eab00000, 0x00000000ecb80000, 0x0000000100000000)
  eden space 18944K, 0% used [0x00000000eab00000,0x00000000eab00000,0x00000000ebd80000)
  from space 2560K, 98% used [0x00000000ec300000,0x00000000ec578010,0x00000000ec580000)
  to   space 5632K, 0% used [0x00000000ebd80000,0x00000000ebd80000,0x00000000ec300000)
 ParOldGen       total 68608K, used 31805K [0x00000000c0000000, 0x00000000c4300000, 0x00000000eab00000)
  object space 68608K, 46% used [0x00000000c0000000,0x00000000c1f0f6a0,0x00000000c4300000)
 Metaspace       used 45503K, committed 46656K, reserved 1114112K
  class space    used 4787K, committed 5312K, reserved 1048576K
}
Event: 6.331 GC heap before
{Heap before GC invocations=25 (full 2):
 PSYoungGen      total 21504K, used 21472K [0x00000000eab00000, 0x00000000ecb80000, 0x0000000100000000)
  eden space 18944K, 100% used [0x00000000eab00000,0x00000000ebd80000,0x00000000ebd80000)
  from space 2560K, 98% used [0x00000000ec300000,0x00000000ec578010,0x00000000ec580000)
  to   space 5632K, 0% used [0x00000000ebd80000,0x00000000ebd80000,0x00000000ec300000)
 ParOldGen       total 68608K, used 31805K [0x00000000c0000000, 0x00000000c4300000, 0x00000000eab00000)
  object space 68608K, 46% used [0x00000000c0000000,0x00000000c1f0f6a0,0x00000000c4300000)
 Metaspace       used 46354K, committed 47488K, reserved 1114112K
  class space    used 4864K, committed 5376K, reserved 1048576K
}
Event: 6.334 GC heap after
{Heap after GC invocations=25 (full 2):
 PSYoungGen      total 22528K, used 3300K [0x00000000eab00000, 0x00000000ec580000, 0x0000000100000000)
  eden space 18944K, 0% used [0x00000000eab00000,0x00000000eab00000,0x00000000ebd80000)
  from space 3584K, 92% used [0x00000000ebd80000,0x00000000ec0b9000,0x00000000ec100000)
  to   space 4096K, 0% used [0x00000000ec180000,0x00000000ec180000,0x00000000ec580000)
 ParOldGen       total 68608K, used 34237K [0x00000000c0000000, 0x00000000c4300000, 0x00000000eab00000)
  object space 68608K, 49% used [0x00000000c0000000,0x00000000c216f6b0,0x00000000c4300000)
 Metaspace       used 46354K, committed 47488K, reserved 1114112K
  class space    used 4864K, committed 5376K, reserved 1048576K
}
Event: 6.401 GC heap before
{Heap before GC invocations=26 (full 2):
 PSYoungGen      total 22528K, used 22244K [0x00000000eab00000, 0x00000000ec580000, 0x0000000100000000)
  eden space 18944K, 100% used [0x00000000eab00000,0x00000000ebd80000,0x00000000ebd80000)
  from space 3584K, 92% used [0x00000000ebd80000,0x00000000ec0b9000,0x00000000ec100000)
  to   space 4096K, 0% used [0x00000000ec180000,0x00000000ec180000,0x00000000ec580000)
 ParOldGen       total 68608K, used 34237K [0x00000000c0000000, 0x00000000c4300000, 0x00000000eab00000)
  object space 68608K, 49% used [0x00000000c0000000,0x00000000c216f6b0,0x00000000c4300000)
 Metaspace       used 46625K, committed 47744K, reserved 1114112K
  class space    used 4901K, committed 5376K, reserved 1048576K
}
Event: 6.404 GC heap after
{Heap after GC invocations=26 (full 2):
 PSYoungGen      total 19968K, used 1008K [0x00000000eab00000, 0x00000000ec280000, 0x0000000100000000)
  eden space 18944K, 0% used [0x00000000eab00000,0x00000000eab00000,0x00000000ebd80000)
  from space 1024K, 98% used [0x00000000ec180000,0x00000000ec27c010,0x00000000ec280000)
  to   space 2048K, 0% used [0x00000000ebe80000,0x00000000ebe80000,0x00000000ec080000)
 ParOldGen       total 68608K, used 37486K [0x00000000c0000000, 0x00000000c4300000, 0x00000000eab00000)
  object space 68608K, 54% used [0x00000000c0000000,0x00000000c249ba08,0x00000000c4300000)
 Metaspace       used 46625K, committed 47744K, reserved 1114112K
  class space    used 4901K, committed 5376K, reserved 1048576K
}
Event: 6.648 GC heap before
{Heap before GC invocations=27 (full 2):
 PSYoungGen      total 19968K, used 19952K [0x00000000eab00000, 0x00000000ec280000, 0x0000000100000000)
  eden space 18944K, 100% used [0x00000000eab00000,0x00000000ebd80000,0x00000000ebd80000)
  from space 1024K, 98% used [0x00000000ec180000,0x00000000ec27c010,0x00000000ec280000)
  to   space 2048K, 0% used [0x00000000ebe80000,0x00000000ebe80000,0x00000000ec080000)
 ParOldGen       total 68608K, used 37486K [0x00000000c0000000, 0x00000000c4300000, 0x00000000eab00000)
  object space 68608K, 54% used [0x00000000c0000000,0x00000000c249ba08,0x00000000c4300000)
 Metaspace       used 48122K, committed 49344K, reserved 1114112K
  class space    used 5115K, committed 5632K, reserved 1048576K
}
Event: 6.649 GC heap after
{Heap after GC invocations=27 (full 2):
 PSYoungGen      total 20992K, used 632K [0x00000000eab00000, 0x00000000ec200000, 0x0000000100000000)
  eden space 18944K, 0% used [0x00000000eab00000,0x00000000eab00000,0x00000000ebd80000)
  from space 2048K, 30% used [0x00000000ebe80000,0x00000000ebf1e1e8,0x00000000ec080000)
  to   space 1024K, 0% used [0x00000000ec100000,0x00000000ec100000,0x00000000ec200000)
 ParOldGen       total 68608K, used 38406K [0x00000000c0000000, 0x00000000c4300000, 0x00000000eab00000)
  object space 68608K, 55% used [0x00000000c0000000,0x00000000c2581a08,0x00000000c4300000)
 Metaspace       used 48122K, committed 49344K, reserved 1114112K
  class space    used 5115K, committed 5632K, reserved 1048576K
}
Event: 7.161 GC heap before
{Heap before GC invocations=28 (full 2):
 PSYoungGen      total 20992K, used 19047K [0x00000000eab00000, 0x00000000ec200000, 0x0000000100000000)
  eden space 18944K, 97% used [0x00000000eab00000,0x00000000ebcfbc10,0x00000000ebd80000)
  from space 2048K, 30% used [0x00000000ebe80000,0x00000000ebf1e1e8,0x00000000ec080000)
  to   space 1024K, 0% used [0x00000000ec100000,0x00000000ec100000,0x00000000ec200000)
 ParOldGen       total 68608K, used 38406K [0x00000000c0000000, 0x00000000c4300000, 0x00000000eab00000)
  object space 68608K, 55% used [0x00000000c0000000,0x00000000c2581a08,0x00000000c4300000)
 Metaspace       used 49335K, committed 50432K, reserved 1114112K
  class space    used 5225K, committed 5696K, reserved 1048576K
}
Event: 7.162 GC heap after
{Heap after GC invocations=28 (full 2):
 PSYoungGen      total 19968K, used 512K [0x00000000eab00000, 0x00000000ec200000, 0x0000000100000000)
  eden space 18944K, 0% used [0x00000000eab00000,0x00000000eab00000,0x00000000ebd80000)
  from space 1024K, 50% used [0x00000000ec100000,0x00000000ec180020,0x00000000ec200000)
  to   space 1024K, 0% used [0x00000000ec000000,0x00000000ec000000,0x00000000ec100000)
 ParOldGen       total 68608K, used 38938K [0x00000000c0000000, 0x00000000c4300000, 0x00000000eab00000)
  object space 68608K, 56% used [0x00000000c0000000,0x00000000c2606b90,0x00000000c4300000)
 Metaspace       used 49335K, committed 50432K, reserved 1114112K
  class space    used 5225K, committed 5696K, reserved 1048576K
}
Event: 7.353 GC heap before
{Heap before GC invocations=29 (full 2):
 PSYoungGen      total 19968K, used 19456K [0x00000000eab00000, 0x00000000ec200000, 0x0000000100000000)
  eden space 18944K, 100% used [0x00000000eab00000,0x00000000ebd80000,0x00000000ebd80000)
  from space 1024K, 50% used [0x00000000ec100000,0x00000000ec180020,0x00000000ec200000)
  to   space 1024K, 0% used [0x00000000ec000000,0x00000000ec000000,0x00000000ec100000)
 ParOldGen       total 68608K, used 38938K [0x00000000c0000000, 0x00000000c4300000, 0x00000000eab00000)
  object space 68608K, 56% used [0x00000000c0000000,0x00000000c2606b90,0x00000000c4300000)
 Metaspace       used 49967K, committed 51200K, reserved 1114112K
  class space    used 5277K, committed 5824K, reserved 1048576K
}
Event: 7.355 GC heap after
{Heap after GC invocations=29 (full 2):
 PSYoungGen      total 19968K, used 624K [0x00000000eab00000, 0x00000000ec180000, 0x0000000100000000)
  eden space 18944K, 0% used [0x00000000eab00000,0x00000000eab00000,0x00000000ebd80000)
  from space 1024K, 61% used [0x00000000ec000000,0x00000000ec09c3c8,0x00000000ec100000)
  to   space 512K, 0% used [0x00000000ec100000,0x00000000ec100000,0x00000000ec180000)
 ParOldGen       total 68608K, used 40096K [0x00000000c0000000, 0x00000000c4300000, 0x00000000eab00000)
  object space 68608K, 58% used [0x00000000c0000000,0x00000000c27280c0,0x00000000c4300000)
 Metaspace       used 49967K, committed 51200K, reserved 1114112K
  class space    used 5277K, committed 5824K, reserved 1048576K
}
Event: 7.491 GC heap before
{Heap before GC invocations=30 (full 2):
 PSYoungGen      total 19968K, used 19568K [0x00000000eab00000, 0x00000000ec180000, 0x0000000100000000)
  eden space 18944K, 100% used [0x00000000eab00000,0x00000000ebd80000,0x00000000ebd80000)
  from space 1024K, 61% used [0x00000000ec000000,0x00000000ec09c3c8,0x00000000ec100000)
  to   space 512K, 0% used [0x00000000ec100000,0x00000000ec100000,0x00000000ec180000)
 ParOldGen       total 68608K, used 40096K [0x00000000c0000000, 0x00000000c4300000, 0x00000000eab00000)
  object space 68608K, 58% used [0x00000000c0000000,0x00000000c27280c0,0x00000000c4300000)
 Metaspace       used 50187K, committed 51392K, reserved 1114112K
  class space    used 5294K, committed 5824K, reserved 1048576K
}
Event: 7.493 GC heap after
{Heap after GC invocations=30 (full 2):
 PSYoungGen      total 19456K, used 512K [0x00000000eab00000, 0x00000000ec480000, 0x0000000100000000)
  eden space 18944K, 0% used [0x00000000eab00000,0x00000000eab00000,0x00000000ebd80000)
  from space 512K, 100% used [0x00000000ec100000,0x00000000ec180000,0x00000000ec180000)
  to   space 3584K, 0% used [0x00000000ebd80000,0x00000000ebd80000,0x00000000ec100000)
 ParOldGen       total 68608K, used 42422K [0x00000000c0000000, 0x00000000c4300000, 0x00000000eab00000)
  object space 68608K, 61% used [0x00000000c0000000,0x00000000c296db18,0x00000000c4300000)
 Metaspace       used 50187K, committed 51392K, reserved 1114112K
  class space    used 5294K, committed 5824K, reserved 1048576K
}
Event: 7.628 GC heap before
{Heap before GC invocations=31 (full 2):
 PSYoungGen      total 19456K, used 19453K [0x00000000eab00000, 0x00000000ec480000, 0x0000000100000000)
  eden space 18944K, 99% used [0x00000000eab00000,0x00000000ebd7f7e8,0x00000000ebd80000)
  from space 512K, 100% used [0x00000000ec100000,0x00000000ec180000,0x00000000ec180000)
  to   space 3584K, 0% used [0x00000000ebd80000,0x00000000ebd80000,0x00000000ec100000)
 ParOldGen       total 68608K, used 42422K [0x00000000c0000000, 0x00000000c4300000, 0x00000000eab00000)
  object space 68608K, 61% used [0x00000000c0000000,0x00000000c296db18,0x00000000c4300000)
 Metaspace       used 51335K, committed 52672K, reserved 1114112K
  class space    used 5394K, committed 6016K, reserved 1048576K
}
Event: 7.630 GC heap after
{Heap after GC invocations=31 (full 2):
 PSYoungGen      total 22016K, used 2815K [0x00000000eab00000, 0x00000000ec380000, 0x0000000100000000)
  eden space 18944K, 0% used [0x00000000eab00000,0x00000000eab00000,0x00000000ebd80000)
  from space 3072K, 91% used [0x00000000ebd80000,0x00000000ec03fd00,0x00000000ec080000)
  to   space 3072K, 0% used [0x00000000ec080000,0x00000000ec080000,0x00000000ec380000)
 ParOldGen       total 68608K, used 42934K [0x00000000c0000000, 0x00000000c4300000, 0x00000000eab00000)
  object space 68608K, 62% used [0x00000000c0000000,0x00000000c29edb18,0x00000000c4300000)
 Metaspace       used 51335K, committed 52672K, reserved 1114112K
  class space    used 5394K, committed 6016K, reserved 1048576K
}

